[1] "########"
[1] "2017-09-22 13:52:02 EDT"
 [1] 1.64 1.64 1.64 1.64 1.65 1.65 1.65 1.65 1.65 1.65
 [1] 0 0 0 0 0 0 0 0 0 0 0 0 0 0 0 0 0 0 0 0 0 0 0
 [1] 0 0 0 0 0 0 0 0 0 0 0 0 0 0 0 0 0 0 0 0 0 0
[1] "########"
[1] "2017-09-22 14:07:02 EDT"
 [1] 1.64 1.65 1.65 1.65 1.65 1.65 1.65 1.65 1.65 1.65
 [1] 0 0 0 0 0 0 0 0 0 0 0 0 0 0 0 0 0 0 0 0 0 0 0
 [1] 0 0 0 0 0 0 0 0 0 0 0 0 0 0 0 0 0 0 0 0 0 0 0
[1] "########"
[1] "2017-09-22 14:22:04 EDT"
 [1] 1.65 1.65 1.65 1.65 1.65 1.65 1.65 1.65 1.65 1.65
 [1] 0 0 0 0 0 0 0 0 0 0 0 0 0 0 0 0 0 0 0 0 0 0 0
 [1] 0 0 0 0 0 0 0 0 0 0 0 0 0 0 0 0 0 0 0 0 0 0 0
[1] "########"
[1] "2017-09-22 14:37:02 EDT"
 [1] 1.65 1.65 1.65 1.65 1.65 1.65 1.65 1.65 1.65 1.65
 [1] 0 0 0 0 0 0 0 0 0 0 0 0 0 0 0 0 0 0 0 0 0 0
 [1] 0 0 0 0 0 0 0 0 0 0 0 0 0 0 0 0 0 0 0 0 0 0
[1] "########"
[1] "2017-09-22 14:52:26 EDT"
 [1] 1.65 1.65 1.65 1.65 1.65 1.65 1.65 1.65 1.65 1.65 1.65
 [1] 0 0 0 0 0 0 0 0 0 0 0 0 0 0 0 0 0 0 0 0 0 0 0
 [1] 0 0 0 0 0 0 0 0 0 0 0 0 0 0 0 0 0 0 0 0 0 0 0
[1] "########"
[1] "2017-09-22 15:07:02 EDT"
 [1] 1.65 1.65 1.65 1.65 1.65 1.65 1.65 1.65 1.65 1.65
 [1] 0 0 0 0 0 0 0 0 0 0 0 0 0 0 0 0 0 0 0 0 0 0 0
 [1] 0 0 0 0 0 0 0 0 0 0 0 0 0 0 0 0 0 0 0 0 0 0
[1] "########"
[1] "2017-09-22 15:22:03 EDT"
 [1] 1.65 1.65 1.65 1.65 1.65 1.65 1.65 1.65 1.65 1.65
 [1] 0 0 0 0 0 0 0 0 0 0 0 0 0 0 0 0 0 0 0 0 0 0 0
 [1] 0 0 0 0 0 0 0 0 0 0 0 0 0 0 0 0 0 0 0 0 0 0
[1] "########"
[1] "2017-09-22 15:37:02 EDT"
 [1] 1.65 1.65 1.65 1.65 1.65 1.65 1.65 1.65 1.65 1.65
 [1] 0 0 0 0 0 0 0 0 0 0 0 0 0 0 0 0 0 0 0 0 0 0
 [1] 0 0 0 0 0 0 0 0 0 0 0 0 0 0 0 0 0 0 0 0 0 0
[1] "########"
[1] "2017-09-22 15:52:04 EDT"
 [1] 1.65 1.65 1.65 1.65 1.65 1.65 1.65 1.65 1.65 1.65
 [1] 0 0 0 0 0 0 0 0 0 0 0 0 0 0 0 0 0 0 0 0 0 0 0
 [1] 0 0 0 0 0 0 0 0 0 0 0 0 0 0 0 0 0 0 0 0 0 0 0
